

***********************************************************************
Fatal NI connect error 12541, connecting to:
 (DESCRIPTION=(ADDRESS=(PROTOCOL=TCP)(HOST=rdwh.hq.bc)(PORT=1521))(CONNECT_DATA=(SERVICE_NAME=rdwh)(CID=(PROGRAM=C:\Evseev\projects\DWH_monitor?v3\Win32\Debug\dwh_monitor.exe)(HOST=KB0-DBF-1-14405)(USER=yevseyev_30149))))

  VERSION INFORMATION:
	TNS for 32-bit Windows: Version 10.2.0.3.0 - Production
	Windows NT TCP/IP NT Protocol Adapter for 32-bit Windows: Version 10.2.0.3.0 - Production
  Time: 12-JUL-2016 16:19:04
  Tracing not turned on.
  Tns error struct:
    ns main err code: 12541
    TNS-12541: TNS:no listener
    ns secondary err code: 12560
    nt main err code: 511
    TNS-00511: No listener
    nt secondary err code: 61
    nt OS err code: 0


***********************************************************************
Fatal NI connect error 12541, connecting to:
 (DESCRIPTION=(ADDRESS=(PROTOCOL=TCP)(HOST=rdwh.hq.bc)(PORT=1521))(CONNECT_DATA=(SERVICE_NAME=rdwh)(CID=(PROGRAM=C:\Evseev\projects\DWH_monitor?v3\Win32\Debug\dwh_monitor.exe)(HOST=KB0-DBF-1-14405)(USER=yevseyev_30149))))

  VERSION INFORMATION:
	TNS for 32-bit Windows: Version 10.2.0.3.0 - Production
	Windows NT TCP/IP NT Protocol Adapter for 32-bit Windows: Version 10.2.0.3.0 - Production
  Time: 12-JUL-2016 16:19:05
  Tracing not turned on.
  Tns error struct:
    ns main err code: 12541
    TNS-12541: TNS:no listener
    ns secondary err code: 12560
    nt main err code: 511
    TNS-00511: No listener
    nt secondary err code: 61
    nt OS err code: 0


***********************************************************************
Fatal NI connect error 12541, connecting to:
 (DESCRIPTION=(ADDRESS=(PROTOCOL=TCP)(HOST=rdwh.hq.bc)(PORT=1521))(CONNECT_DATA=(SERVICE_NAME=rdwh)(CID=(PROGRAM=C:\Evseev\projects\DWH_monitor?v3\Win32\Debug\dwh_monitor.exe)(HOST=KB0-DBF-1-14405)(USER=yevseyev_30149))))

  VERSION INFORMATION:
	TNS for 32-bit Windows: Version 10.2.0.3.0 - Production
	Windows NT TCP/IP NT Protocol Adapter for 32-bit Windows: Version 10.2.0.3.0 - Production
  Time: 12-JUL-2016 16:19:08
  Tracing not turned on.
  Tns error struct:
    ns main err code: 12541
    TNS-12541: TNS:no listener
    ns secondary err code: 12560
    nt main err code: 511
    TNS-00511: No listener
    nt secondary err code: 61
    nt OS err code: 0


***********************************************************************
Fatal NI connect error 12541, connecting to:
 (DESCRIPTION=(ADDRESS=(PROTOCOL=TCP)(HOST=rdwh.hq.bc)(PORT=1521))(CONNECT_DATA=(SERVICE_NAME=rdwh)(CID=(PROGRAM=C:\Evseev\projects\DWH_monitor?v3\Win32\Debug\dwh_monitor.exe)(HOST=KB0-DBF-1-14405)(USER=yevseyev_30149))))

  VERSION INFORMATION:
	TNS for 32-bit Windows: Version 10.2.0.3.0 - Production
	Windows NT TCP/IP NT Protocol Adapter for 32-bit Windows: Version 10.2.0.3.0 - Production
  Time: 12-JUL-2016 16:19:11
  Tracing not turned on.
  Tns error struct:
    ns main err code: 12541
    TNS-12541: TNS:no listener
    ns secondary err code: 12560
    nt main err code: 511
    TNS-00511: No listener
    nt secondary err code: 61
    nt OS err code: 0


***********************************************************************
Fatal NI connect error 12541, connecting to:
 (DESCRIPTION=(ADDRESS=(PROTOCOL=TCP)(HOST=rdwh.hq.bc)(PORT=1521))(CONNECT_DATA=(SERVICE_NAME=rdwh)(CID=(PROGRAM=C:\Evseev\projects\DWH_monitor?v3\Win32\Debug\dwh_monitor.exe)(HOST=KB0-DBF-1-14405)(USER=yevseyev_30149))))

  VERSION INFORMATION:
	TNS for 32-bit Windows: Version 10.2.0.3.0 - Production
	Windows NT TCP/IP NT Protocol Adapter for 32-bit Windows: Version 10.2.0.3.0 - Production
  Time: 12-JUL-2016 16:19:17
  Tracing not turned on.
  Tns error struct:
    ns main err code: 12541
    TNS-12541: TNS:no listener
    ns secondary err code: 12560
    nt main err code: 511
    TNS-00511: No listener
    nt secondary err code: 61
    nt OS err code: 0


***********************************************************************
Fatal NI connect error 12541, connecting to:
 (DESCRIPTION=(ADDRESS=(PROTOCOL=TCP)(HOST=rdwh.hq.bc)(PORT=1521))(CONNECT_DATA=(SERVICE_NAME=rdwh)(CID=(PROGRAM=C:\Evseev\projects\DWH_monitor?v3\Win32\Debug\dwh_monitor.exe)(HOST=KB0-DBF-1-14405)(USER=yevseyev_30149))))

  VERSION INFORMATION:
	TNS for 32-bit Windows: Version 10.2.0.3.0 - Production
	Windows NT TCP/IP NT Protocol Adapter for 32-bit Windows: Version 10.2.0.3.0 - Production
  Time: 12-JUL-2016 16:19:27
  Tracing not turned on.
  Tns error struct:
    ns main err code: 12541
    TNS-12541: TNS:no listener
    ns secondary err code: 12560
    nt main err code: 511
    TNS-00511: No listener
    nt secondary err code: 61
    nt OS err code: 0
